<?xml version="1.0" encoding="UTF-8"?>
<testng-results ignored="0" total="1" passed="1" failed="0" skipped="0">
  <reporter-output>
  </reporter-output>
  <suite started-at="2026-02-07T09:14:48 IST" name="Default suite" finished-at="2026-02-07T09:15:01 IST" duration-ms="13033">
    <groups>
    </groups>
    <test started-at="2026-02-07T09:14:48 IST" name="Default test" finished-at="2026-02-07T09:15:01 IST" duration-ms="13033">
      <class name="com.WEbElement.WebElementDemo">
        <test-method signature="IDTest()[pri:0, instance:com.WEbElement.WebElementDemo@51399530]" started-at="2026-02-07T09:14:48 IST" name="IDTest" finished-at="2026-02-07T09:15:01 IST" duration-ms="12948" status="PASS">
          <reporter-output>
          </reporter-output>
        </test-method> <!-- IDTest -->
      </class> <!-- com.WEbElement.WebElementDemo -->
    </test> <!-- Default test -->
  </suite> <!-- Default suite -->
</testng-results>
